Warning[205] C:\USERS\ACER\MPLABXPROJECTS\16F877A_LCD.X\LCD_16F877A.ASM 2 : Found directive in column 1. (processor)
Warning[215] C:\USERS\ACER\MPLABXPROJECTS\16F877A_LCD.X\LCD_16F877A.ASM 2 : Processor superseded by command line.  Verify processor symbol.
Warning[205] C:\USERS\ACER\MPLABXPROJECTS\16F877A_LCD.X\LCD_16F877A.ASM 13 : Found directive in column 1. (org)
Warning[207] C:\USERS\ACER\MPLABXPROJECTS\16F877A_LCD.X\LCD_16F877A.ASM 14 : Found label after column 1. (TIMER1)
Warning[207] C:\USERS\ACER\MPLABXPROJECTS\16F877A_LCD.X\LCD_16F877A.ASM 15 : Found label after column 1. (TIMER2)
Warning[207] C:\USERS\ACER\MPLABXPROJECTS\16F877A_LCD.X\LCD_16F877A.ASM 16 : Found label after column 1. (DISP)
Warning[203] C:\USERS\ACER\MPLABXPROJECTS\16F877A_LCD.X\LCD_16F877A.ASM 17 : Found opcode in column 1. (GOTO)
Warning[207] C:\USERS\ACER\MPLABXPROJECTS\16F877A_LCD.X\LCD_16F877A.ASM 34 : Found label after column 1. (INITIALIZE_LCD)
Warning[207] C:\USERS\ACER\MPLABXPROJECTS\16F877A_LCD.X\LCD_16F877A.ASM 45 : Found label after column 1. (instructionMode)
Warning[207] C:\USERS\ACER\MPLABXPROJECTS\16F877A_LCD.X\LCD_16F877A.ASM 51 : Found label after column 1. (dataSendMode)
Warning[207] C:\USERS\ACER\MPLABXPROJECTS\16F877A_LCD.X\LCD_16F877A.ASM 62 : Found label after column 1. (setFunctions)
Warning[207] C:\USERS\ACER\MPLABXPROJECTS\16F877A_LCD.X\LCD_16F877A.ASM 76 : Found label after column 1. (setDisplayOnOff)
Warning[207] C:\USERS\ACER\MPLABXPROJECTS\16F877A_LCD.X\LCD_16F877A.ASM 89 : Found label after column 1. (displayClear)
Warning[207] C:\USERS\ACER\MPLABXPROJECTS\16F877A_LCD.X\LCD_16F877A.ASM 103 : Found label after column 1. (setEntryModule)
Warning[207] C:\USERS\ACER\MPLABXPROJECTS\16F877A_LCD.X\LCD_16F877A.ASM 119 : Found label after column 1. (set_CGRAM_address)
Warning[207] C:\USERS\ACER\MPLABXPROJECTS\16F877A_LCD.X\LCD_16F877A.ASM 134 : Found label after column 1. (set_DDRAM_address_to_line1)
Warning[207] C:\USERS\ACER\MPLABXPROJECTS\16F877A_LCD.X\LCD_16F877A.ASM 151 : Found label after column 1. (set_DDRAM_address_to_line2)
Warning[207] C:\USERS\ACER\MPLABXPROJECTS\16F877A_LCD.X\LCD_16F877A.ASM 168 : Found label after column 1. (INITIALIZE_IC)
Message[302] C:\USERS\ACER\MPLABXPROJECTS\16F877A_LCD.X\LCD_16F877A.ASM 171 : Register in operand not in bank 0.  Ensure that bank bits are correct.
Message[302] C:\USERS\ACER\MPLABXPROJECTS\16F877A_LCD.X\LCD_16F877A.ASM 173 : Register in operand not in bank 0.  Ensure that bank bits are correct.
Message[302] C:\USERS\ACER\MPLABXPROJECTS\16F877A_LCD.X\LCD_16F877A.ASM 174 : Register in operand not in bank 0.  Ensure that bank bits are correct.
Warning[207] C:\USERS\ACER\MPLABXPROJECTS\16F877A_LCD.X\LCD_16F877A.ASM 185 : Found label after column 1. (GO_BANK_0)
Warning[207] C:\USERS\ACER\MPLABXPROJECTS\16F877A_LCD.X\LCD_16F877A.ASM 190 : Found label after column 1. (GO_BANK_1)
Warning[207] C:\USERS\ACER\MPLABXPROJECTS\16F877A_LCD.X\LCD_16F877A.ASM 195 : Found label after column 1. (GO_BANK_2)
Warning[207] C:\USERS\ACER\MPLABXPROJECTS\16F877A_LCD.X\LCD_16F877A.ASM 200 : Found label after column 1. (GO_BANK_3)
Warning[207] C:\USERS\ACER\MPLABXPROJECTS\16F877A_LCD.X\LCD_16F877A.ASM 210 : Found label after column 1. (ENABLE_PULSE)
Warning[207] C:\USERS\ACER\MPLABXPROJECTS\16F877A_LCD.X\LCD_16F877A.ASM 217 : Found label after column 1. (DELAY_50_MS)
Warning[207] C:\USERS\ACER\MPLABXPROJECTS\16F877A_LCD.X\LCD_16F877A.ASM 228 : Found label after column 1. (writeOnDisp)
Warning[207] C:\USERS\ACER\MPLABXPROJECTS\16F877A_LCD.X\LCD_16F877A.ASM 300 : Found label after column 1. (PRINT_CHAR)
Warning[207] C:\USERS\ACER\MPLABXPROJECTS\16F877A_LCD.X\LCD_16F877A.ASM 308 : Found label after column 1. (WAIT)
Warning[205] C:\USERS\ACER\MPLABXPROJECTS\16F877A_LCD.X\LCD_16F877A.ASM 315 : Found directive in column 1. (END)
