MPASM 5.76                   LCD_16F877A.ASM   9-20-2018  0:16:56         PAGE  1


LOC  OBJECT CODE     LINE SOURCE TEXT
  VALUE

                      00001 ;Author: DarshanaAriyarathna || darshana.uop@gmail.com || +94774901245
Warning[205]: Found directive in column 1. (processor)
Warning[215]: Processor superseded by command line.  Verify processor symbol.
                      00002 processor       16f84a                  ;Initialize the processor
                      00003 
                      00004 
                      00005 #include "p16f877a.inc"
                      00001         LIST
                      00002 
                      00003 ;==========================================================================
                      00004 ; Build date : Sep 19 2017
                      00005 ;  MPASM PIC16F877A processor include
                      00006 ; 
                      00007 ;  (c) Copyright 1999-2017 Microchip Technology, All rights reserved
                      00008 ;==========================================================================
                      00009 
                      00567         LIST
                      00006 
                      00007 ; CONFIG
                      00008 ; __config 0xFF3A
2007   3F3A           00009  __CONFIG _FOSC_HS & _WDTE_OFF & _PWRTE_OFF & _BOREN_OFF & _LVP_OFF & _CPD_OFF & _WRT_OFF & _CP_OFF
                      00010 
                      00011 
                      00012 
Warning[205]: Found directive in column 1. (org)
                      00013 org     0x00;
Warning[207]: Found label after column 1. (TIMER1)
  00000020            00014     TIMER1  EQU 0x20
Warning[207]: Found label after column 1. (TIMER2)
  00000021            00015     TIMER2  EQU 0x21
Warning[207]: Found label after column 1. (DISP)
  00000022            00016     DISP    EQU 0x22
Warning[203]: Found opcode in column 1. (GOTO)
0000   2???           00017 GOTO    Main
                      00018 ;org    0x04                        ;origin vector of interrupt
                      00019 ;GOTO   READ
                      00020 
0001                  00021 Main:
0001   2???           00022     CALL    INITIALIZE_IC
0002   2???           00023     CALL    INITIALIZE_LCD
                      00024     
0003   2???           00025     CALL    writeOnDisp
                      00026    
0004   2???           00027     GOTO        Main
                      00028 
                      00029     ;______________________________________
                      00030     
                      00031     
                      00032     ;+++++++++++++++++++++++++++++++++++++++++++++++++++++++++++++++++++++++++++++++++++++++++++++++++++
                            ++++++++++++
                      00033     ;subroutings_for_INITIALIZE_LCD
Warning[207]: Found label after column 1. (INITIALIZE_LCD)
0005                  00034     INITIALIZE_LCD
MPASM 5.76                   LCD_16F877A.ASM   9-20-2018  0:16:56         PAGE  2


LOC  OBJECT CODE     LINE SOURCE TEXT
  VALUE

0005   2???           00035         CALL    instructionMode
0006   2???           00036         CALL    setFunctions
0007   2???           00037         CALL    setDisplayOnOff
0008   2???           00038         CALL    displayClear
0009   2???           00039         CALL    setEntryModule
000A   2???           00040         CALL    set_CGRAM_address
000B   2???           00041         CALL    set_DDRAM_address_to_line1
000C   0008           00042     RETURN
                      00043     ;______________________________________
                      00044     
Warning[207]: Found label after column 1. (instructionMode)
000D                  00045     instructionMode
000D   3000           00046             MOVLW   b'000'
000E   0087           00047             MOVWF   PORTC
000F   2???           00048             CALL    ENABLE_PULSE
0010   0008           00049     RETURN
                      00050     ;______________________________________
Warning[207]: Found label after column 1. (dataSendMode)
0011                  00051     dataSendMode
                      00052             ;MOVLW   b'11111111'
                      00053             ;MOVWF   PORTD
                      00054 
                      00055             ;MOVLW   b'00001'
                      00056             ;MOVWF   PORTC
0011   1407           00057             BSF     PORTC,0
                      00058             ;CALL    ENABLE_PULSE
0012   0008           00059     RETURN
                      00060     ;______________________________________
                      00061     
Warning[207]: Found label after column 1. (setFunctions)
0013                  00062     setFunctions
0013   2???           00063         CALL    instructionMode
0014   0087           00064         MOVWF   PORTC
0015   3038           00065         MOVLW   b'00111000'
                      00066         ;+----------+-----------+-----------+-----------+-----------+-----------+-----------+-----------
                            +
                      00067         ;| bit7     | bit6      | bit5      | bit4      | bit3      | bit2      | bit1      | bit0      
                            |
                      00068         ;+----------+-----------+-----------+-----------+-----------+-----------+-----------+-----------
                            +
                      00069         ;|      0   |   0       |       1   |   1       |0=1 Line   |0=5x8 Dots |       x   |   x       
                            |
                      00070         ;|          |           |           |           |1=2 Line   |1=5x11 Dots|       x   |   x       
                            |
                      00071         ;+----------+-----------+-----------+-----------+-----------+-----------+-----------+-----------
                            +  
0016   0088           00072         MOVWF   PORTD
0017   2???           00073         CALL    ENABLE_PULSE
0018   0008           00074     RETURN
                      00075     ;______________________________________
Warning[207]: Found label after column 1. (setDisplayOnOff)
0019                  00076     setDisplayOnOff
0019   2???           00077         CALL    instructionMode
MPASM 5.76                   LCD_16F877A.ASM   9-20-2018  0:16:56         PAGE  3


LOC  OBJECT CODE     LINE SOURCE TEXT
  VALUE

001A   300F           00078         MOVLW   b'00001111'
                      00079         ;+----------+-----------+-----------+-----------+-----------+-----------+-----------+-----------
                            +
                      00080         ;| bit7     | bit6      | bit5      | bit4      | bit3      | bit2      | bit1      | bit0      
                            |
                      00081         ;+----------+-----------+-----------+-----------+-----------+-----------+-----------+-----------
                            +
                      00082         ;|      0   |   0       |       0   |   0       |       1   |0=DispOff  |0=CurserOff|0=BlinkOff 
                            |
                      00083         ;|          |           |           |           |           |1=DispOn   |1=CurserOn |1=BlinkOn  
                            |
                      00084         ;+----------+-----------+-----------+-----------+-----------+-----------+-----------+-----------
                            +
001B   0088           00085         MOVWF   PORTD
001C   2???           00086         CALL    ENABLE_PULSE
001D   0008           00087     RETURN
                      00088     ;______________________________________
Warning[207]: Found label after column 1. (displayClear)
001E                  00089     displayClear
001E   2???           00090         CALL    instructionMode
001F   3001           00091         MOVLW   b'00000001'
                      00092         ;+----------+-----------+-----------+-----------+-----------+-----------+-----------+-----------
                            +
                      00093         ;| bit7     | bit6      | bit5      | bit4      | bit3      | bit2      | bit1      | bit0      
                            |
                      00094         ;+----------+-----------+-----------+-----------+-----------+-----------+-----------+-----------
                            +
                      00095         ;|      0   |   0       |       0   |   0       |       0   |   0       |       0   |   1       
                            |
                      00096         ;|          |           |           |           |           |           |           |           
                            |
                      00097         ;+----------+-----------+-----------+-----------+-----------+-----------+-----------+-----------
                            +
0020   0088           00098         MOVWF   PORTD
0021   2???           00099         CALL    ENABLE_PULSE
0022   2???           00100         CALL    set_DDRAM_address_to_line1
0023   0008           00101     RETURN
                      00102     ;______________________________________
Warning[207]: Found label after column 1. (setEntryModule)
0024                  00103     setEntryModule
0024   2???           00104         CALL    instructionMode
0025   3006           00105         MOVLW   b'00000110'
                      00106         ;+----------+-----------+-----------+-----------+-----------+-----------+-----------+-----------
                            ----+
                      00107         ;| bit7     | bit6      | bit5      | bit4      | bit3      | bit2      | bit1      | bit0      
                                |
                      00108         ;+----------+-----------+-----------+-----------+-----------+-----------+-----------+-----------
                            ----+
                      00109         ;|      0   |   0       |       0   |   0       |       0   |   1       |0=Decrement|0=EntireShi
                            ft  |
                      00110         ;|          |           |           |           |           |           |   Mode    |   off     
                                |
                      00111         ;|          |           |           |           |           |           |1=Increment|1=EntireShi
MPASM 5.76                   LCD_16F877A.ASM   9-20-2018  0:16:56         PAGE  4


LOC  OBJECT CODE     LINE SOURCE TEXT
  VALUE

                            f   |
                      00112         ;|          |           |           |           |           |           |   Mode    |   on      
                                |
                      00113         ;+----------+-----------+-----------+-----------+-----------+-----------+-----------+-----------
                            ----+
0026   0088           00114         MOVWF   PORTD
0027   2???           00115         CALL    ENABLE_PULSE
0028   0008           00116     RETURN
                      00117     
                      00118     ;______________________________________
Warning[207]: Found label after column 1. (set_CGRAM_address)
0029                  00119     set_CGRAM_address
0029   2???           00120         CALL    instructionMode
002A   3040           00121         MOVLW   b'01000000'     
                      00122         ;SET CGRAM ADDRESS
                      00123         ;+----------+-----------+-----------+-----------+-----------+-----------+-----------+-----------
                            +
                      00124         ;| bit7     | bit6      | bit5      |bit4       | bit3      | bit2      | bit1      | bit0      
                            |
                      00125         ;+----------+-----------+-----------+-----------+-----------+-----------+-----------+-----------
                            +
                      00126         ;|      0   |   1       |       AC5 |   AC4     |       AC3 |   AC2     |       AC1 |   AC0     
                            |
                      00127         ;+----------+-----------+-----------+-----------+-----------+-----------+-----------+-----------
                            +
                      00128         
002B   0088           00129         MOVWF   PORTD
002C   2???           00130         CALL    ENABLE_PULSE
002D   0008           00131     RETURN
                      00132     
                      00133     ;______________________________________
Warning[207]: Found label after column 1. (set_DDRAM_address_to_line1)
002E                  00134     set_DDRAM_address_to_line1
002E   2???           00135         CALL    instructionMode
002F   3080           00136         MOVLW   b'10000000'     ;SET DDRAM ADDRESS
                      00137     
                      00138         ;+----------+-----------+-----------+-----------+-----------+-----------+-----------+-----------
                            +
                      00139         ;| bit7     | bit6      | bit5      | bit4      | bit3      | bit2      | bit1      | bit0      
                            |
                      00140         ;+----------+-----------+-----------+-----------+-----------+-----------+-----------+-----------
                            +
                      00141         ;|      1   |   AC6     |       AC5 |   AC4     |       AC3 |   AC2     |       AC1 |   AC0     
                            |
                      00142         ;+----------+-----------+-----------+-----------+-----------+-----------+-----------+-----------
                            +
                      00143             ;DDRAM ADDRESS 1ST Line:00H to 27H
                      00144             ;DDRAM ADDRESS 2ND Line:40H to 67H
                      00145 
0030   0088           00146         MOVWF   PORTD
0031   2???           00147         CALL    ENABLE_PULSE
0032   2???           00148         CALL    dataSendMode
0033   0008           00149     RETURN
MPASM 5.76                   LCD_16F877A.ASM   9-20-2018  0:16:56         PAGE  5


LOC  OBJECT CODE     LINE SOURCE TEXT
  VALUE

                      00150     ;______________________________________
Warning[207]: Found label after column 1. (set_DDRAM_address_to_line2)
0034                  00151     set_DDRAM_address_to_line2
0034   2???           00152         CALL    instructionMode
0035   30C0           00153         MOVLW   b'11000000'
0036   0088           00154         MOVWF   PORTD
0037   2???           00155         CALL    ENABLE_PULSE
0038   2???           00156         CALL    dataSendMode
                      00157 
0039   0008           00158     RETURN
                      00159     
                      00160     ;______________________________________
                      00161    
                      00162     ;______________________________________
                      00163     
                      00164    
                      00165     
                      00166     ;+++++++++++++++++++++++++++++++++++++++++++++++++++++++++++++++++++++++++++++++++++++++++++++++++++
                            ++++++++++++
                      00167     ;subroutings_for_INITIALIZE_IC
Warning[207]: Found label after column 1. (INITIALIZE_IC)
003A                  00168     INITIALIZE_IC
003A   2???           00169         CALL    GO_BANK_1
003B   3000           00170             MOVLW   b'000'
Message[302]: Register in operand not in bank 0.  Ensure that bank bits are correct.
003C   0087           00171             MOVWF   TRISC
003D   3000           00172             MOVLW   b'00000000'
Message[302]: Register in operand not in bank 0.  Ensure that bank bits are correct.
003E   0088           00173             MOVWF   TRISD
Message[302]: Register in operand not in bank 0.  Ensure that bank bits are correct.
003F   0186           00174             CLRF    TRISB
0040   2???           00175         CALL    GO_BANK_0
0041   3000           00176             MOVLW   b'000'
0042   0087           00177             MOVWF   PORTC
0043   3000           00178             MOVLW   b'00000000'
0044   0088           00179             MOVWF   PORTD
                      00180 
0045   0008           00181     RETURN
                      00182     
                      00183     ;_______________________________________
                      00184     
Warning[207]: Found label after column 1. (GO_BANK_0)
0046                  00185     GO_BANK_0
0046   1283           00186         BCF         STATUS,5
0047   1303           00187         BCF         STATUS,6
0048   0008           00188     RETURN
                      00189     
Warning[207]: Found label after column 1. (GO_BANK_1)
0049                  00190     GO_BANK_1
0049   1683           00191         BSF         STATUS,5
004A   1303           00192         BCF         STATUS,6
004B   0008           00193     RETURN
                      00194     
MPASM 5.76                   LCD_16F877A.ASM   9-20-2018  0:16:56         PAGE  6


LOC  OBJECT CODE     LINE SOURCE TEXT
  VALUE

Warning[207]: Found label after column 1. (GO_BANK_2)
004C                  00195     GO_BANK_2
004C   1283           00196         BCF         STATUS,5
004D   1703           00197         BSF         STATUS,6
004E   0008           00198     RETURN
                      00199     
Warning[207]: Found label after column 1. (GO_BANK_3)
004F                  00200     GO_BANK_3
004F   1683           00201         BSF         STATUS,5
0050   1703           00202         BSF         STATUS,6
0051   0008           00203     RETURN
                      00204     
                      00205     ;+++++++++++++++++++++++++++++++++++++++++++++++++++++++++++++++++++++++++++++++++++++++++++++++++++
                            ++++++++++++
                      00206     ;_______________________________________
                      00207     
                      00208     ;_______________________________________
                      00209     
Warning[207]: Found label after column 1. (ENABLE_PULSE)
0052                  00210     ENABLE_PULSE
0052   1507           00211         BSF         PORTC,2
0053   2???           00212         CALL    DELAY_50_MS
0054   1107           00213         BCF         PORTC,2
0055   2???           00214         CALL    DELAY_50_MS
0056   0008           00215     RETURN
                      00216     ;_______________________________________
Warning[207]: Found label after column 1. (DELAY_50_MS)
0057                  00217     DELAY_50_MS
0057   0BA0           00218         DECFSZ  TIMER1,1
0058   2???           00219         GOTO    DELAY_50_MS
0059   0BA1           00220         DECFSZ  TIMER2,1
005A   2???           00221         GOTO    DELAY_50_MS
                      00222         ;MOVLW   b'11111111'
                      00223         ;movwf   TIMER1
005B   0008           00224     RETURN
                      00225     
                      00226     ;+++++++++++++++++++++++++++++++++++++++++++++++++++++++++++++++++++++++++++++++++++++++++++++++++++
                            ++++++++++++
                      00227     ;subroutings_for_PRINT_IN_LCD
Warning[207]: Found label after column 1. (writeOnDisp)
005C                  00228     writeOnDisp
005C   1786           00229             BSF PORTB,7
005D   1306           00230             BCF PORTB,6
005E   2???           00231         CALL    displayClear
005F   3044           00232             MOVLW       "D"     
0060   2???           00233             CALL    PRINT_CHAR
                      00234             ;CALL       WAIT
0061   3041           00235             MOVLW       "A"
                      00236             ;CALL       WAIT
0062   2???           00237             CALL    PRINT_CHAR
0063   3052           00238             MOVLW       "R"
                      00239             ;PALL       WAIT
0064   2???           00240             CALL    PRINT_CHAR
MPASM 5.76                   LCD_16F877A.ASM   9-20-2018  0:16:56         PAGE  7


LOC  OBJECT CODE     LINE SOURCE TEXT
  VALUE

0065   3053           00241             MOVLW       "S"
                      00242             ;CALL       WAIT
0066   2???           00243             CALL    PRINT_CHAR
0067   3048           00244             MOVLW       "H"
                      00245             ;CALL       WAIT
0068   2???           00246             CALL    PRINT_CHAR
                      00247             ;CALL       WAIT
0069   3041           00248             MOVLW       "A"     
006A   2???           00249             CALL    PRINT_CHAR
                      00250             ;CALL       WAIT
006B   304E           00251             MOVLW       "N"
                      00252             ;CALL       WAIT
006C   2???           00253             CALL    PRINT_CHAR
006D   3041           00254             MOVLW       "A"
                      00255             ;CALL       WAIT
006E   2???           00256             CALL    PRINT_CHAR
006F   2???           00257             CALL        set_DDRAM_address_to_line2
0070   3041           00258             MOVLW       "A"
                      00259             ;CALL       WAIT
0071   2???           00260             CALL    PRINT_CHAR
0072   3072           00261             MOVLW       "r"
                      00262             ;CALL       WAIT
0073   2???           00263             CALL    PRINT_CHAR
0074   3069           00264             MOVLW       "i"
                      00265             ;CALL       WAIT
0075   2???           00266             CALL    PRINT_CHAR
0076   3079           00267             MOVLW       "y"
                      00268             ;CALL       WAIT
0077   2???           00269             CALL    PRINT_CHAR
0078   3061           00270             MOVLW       "a"
                      00271             ;CALL       WAIT
0079   2???           00272             CALL    PRINT_CHAR
007A   3072           00273             MOVLW       "r"
                      00274             ;CALL       WAIT
007B   2???           00275             CALL    PRINT_CHAR
007C   3061           00276             MOVLW       "a"
                      00277             ;CALL       WAIT
007D   2???           00278             CALL    PRINT_CHAR
007E   3074           00279             MOVLW       "t"
                      00280             ;CALL       WAIT
007F   2???           00281             CALL    PRINT_CHAR
0080   3068           00282             MOVLW       "h"
                      00283             ;CALL       WAIT
0081   2???           00284             CALL    PRINT_CHAR
0082   306E           00285             MOVLW       "n"
                      00286             ;CALL       WAIT
0083   2???           00287             CALL    PRINT_CHAR
0084   3061           00288             MOVLW       "a"
                      00289             ;CALL       WAIT
0085   2???           00290             CALL    PRINT_CHAR
0086   302E           00291             MOVLW       "."
                      00292             ;CALL       WAIT
0087   2???           00293             CALL    PRINT_CHAR
MPASM 5.76                   LCD_16F877A.ASM   9-20-2018  0:16:56         PAGE  8


LOC  OBJECT CODE     LINE SOURCE TEXT
  VALUE

                      00294         
0088   1386           00295             BCF     PORTB,7
0089   1706           00296             BSF     PORTB,6
                      00297         
008A   0008           00298     RETURN
                      00299     
Warning[207]: Found label after column 1. (PRINT_CHAR)
008B                  00300     PRINT_CHAR
008B   0088           00301         MOVWF  PORTD
008C   2???           00302         CALL    ENABLE_PULSE
008D   0008           00303     RETURN
                      00304     
                      00305     ;+++++++++++++++++++++++++++++++++++++++++++++++++++++++++++++++++++++++++++++++++++++++++++++++++++
                            ++++++++++++
                      00306     
                      00307     
Warning[207]: Found label after column 1. (WAIT)
008E                  00308     WAIT
008E   0BA0           00309         DECFSZ  TIMER1,1
008F   2???           00310         GOTO    WAIT
0090   0BA1           00311         DECFSZ  TIMER2,1
0091   2???           00312         GOTO    WAIT
0092   0008           00313     RETURN
                      00314     
Warning[205]: Found directive in column 1. (END)
3F3A                  00315 END
MPASM 5.76                   LCD_16F877A.ASM   9-20-2018  0:16:56         PAGE  9


SYMBOL TABLE
  LABEL                             VALUE 

ACKDT                             00000005
ACKEN                             00000004
ACKSTAT                           00000006
ADCON0                            0000001F
ADCON1                            0000009F
ADCS0                             00000006
ADCS1                             00000007
ADCS2                             00000006
ADDEN                             00000003
ADFM                              00000007
ADIE                              00000006
ADIF                              00000006
ADON                              00000000
ADRESH                            0000001E
ADRESL                            0000009E
BCLIE                             00000003
BCLIF                             00000003
BF                                00000000
BRGH                              00000002
C                                 00000000
C1INV                             00000004
C1OUT                             00000006
C2INV                             00000005
C2OUT                             00000007
CCP1CON                           00000017
CCP1IE                            00000002
CCP1IF                            00000002
CCP1M0                            00000000
CCP1M1                            00000001
CCP1M2                            00000002
CCP1M3                            00000003
CCP1X                             00000005
CCP1Y                             00000004
CCP2CON                           0000001D
CCP2IE                            00000000
CCP2IF                            00000000
CCP2M0                            00000000
CCP2M1                            00000001
CCP2M2                            00000002
CCP2M3                            00000003
CCP2X                             00000005
CCP2Y                             00000004
CCPR1                             00000015
CCPR1H                            00000016
CCPR1L                            00000015
CCPR2                             0000001B
CCPR2H                            0000001C
CCPR2L                            0000001B
CHS0                              00000003
CHS1                              00000004
CHS2                              00000005
CIS                               00000003
CKE                               00000006
MPASM 5.76                   LCD_16F877A.ASM   9-20-2018  0:16:56         PAGE 10


SYMBOL TABLE
  LABEL                             VALUE 

CKP                               00000004
CM0                               00000000
CM1                               00000001
CM2                               00000002
CMCON                             0000009C
CMIE                              00000006
CMIF                              00000006
CREN                              00000004
CSRC                              00000007
CVR0                              00000000
CVR1                              00000001
CVR2                              00000002
CVR3                              00000003
CVRCON                            0000009D
CVREN                             00000007
CVROE                             00000006
CVRR                              00000005
D                                 00000005
DATA_ADDRESS                      00000005
DC                                00000001
DELAY_50_MS                       00000057
DISP                              00000022
D_A                               00000005
D_NOT_A                           00000005
EEADR                             0000010D
EEADRH                            0000010F
EECON1                            0000018C
EECON2                            0000018D
EEDATA                            0000010C
EEDATH                            0000010E
EEIE                              00000004
EEIF                              00000004
EEPGD                             00000007
ENABLE_PULSE                      00000052
F                                 00000001
FERR                              00000002
FSR                               00000004
GCEN                              00000007
GIE                               00000007
GO                                00000002
GO_BANK_0                         00000046
GO_BANK_1                         00000049
GO_BANK_2                         0000004C
GO_BANK_3                         0000004F
GO_DONE                           00000002
GO_NOT_DONE                       00000002
I2C_DATA                          00000005
I2C_READ                          00000002
I2C_START                         00000003
I2C_STOP                          00000004
IBF                               00000007
IBOV                              00000005
INDF                              00000000
MPASM 5.76                   LCD_16F877A.ASM   9-20-2018  0:16:56         PAGE 11


SYMBOL TABLE
  LABEL                             VALUE 

INITIALIZE_IC                     0000003A
INITIALIZE_LCD                    00000005
INTCON                            0000000B
INTE                              00000004
INTEDG                            00000006
INTF                              00000001
IRP                               00000007
Main                              00000001
NOT_A                             00000005
NOT_ADDRESS                       00000005
NOT_BO                            00000000
NOT_BOR                           00000000
NOT_DONE                          00000002
NOT_PD                            00000003
NOT_POR                           00000001
NOT_RBPU                          00000007
NOT_RC8                           00000006
NOT_T1SYNC                        00000002
NOT_TO                            00000004
NOT_TX8                           00000006
NOT_W                             00000002
NOT_WRITE                         00000002
OBF                               00000006
OERR                              00000001
OPTION_REG                        00000081
P                                 00000004
PCFG0                             00000000
PCFG1                             00000001
PCFG2                             00000002
PCFG3                             00000003
PCL                               00000002
PCLATH                            0000000A
PCON                              0000008E
PEIE                              00000006
PEN                               00000002
PIE1                              0000008C
PIE2                              0000008D
PIR1                              0000000C
PIR2                              0000000D
PORTA                             00000005
PORTB                             00000006
PORTC                             00000007
PORTD                             00000008
PORTE                             00000009
PR2                               00000092
PRINT_CHAR                        0000008B
PS0                               00000000
PS1                               00000001
PS2                               00000002
PSA                               00000003
PSPIE                             00000007
PSPIF                             00000007
PSPMODE                           00000004
MPASM 5.76                   LCD_16F877A.ASM   9-20-2018  0:16:56         PAGE 12


SYMBOL TABLE
  LABEL                             VALUE 

R                                 00000002
RA0                               00000000
RA1                               00000001
RA2                               00000002
RA3                               00000003
RA4                               00000004
RA5                               00000005
RB0                               00000000
RB1                               00000001
RB2                               00000002
RB3                               00000003
RB4                               00000004
RB5                               00000005
RB6                               00000006
RB7                               00000007
RBIE                              00000003
RBIF                              00000000
RC0                               00000000
RC1                               00000001
RC2                               00000002
RC3                               00000003
RC4                               00000004
RC5                               00000005
RC6                               00000006
RC7                               00000007
RC8_9                             00000006
RC9                               00000006
RCD8                              00000000
RCEN                              00000003
RCIE                              00000005
RCIF                              00000005
RCREG                             0000001A
RCSTA                             00000018
RD                                00000000
RD0                               00000000
RD1                               00000001
RD2                               00000002
RD3                               00000003
RD4                               00000004
RD5                               00000005
RD6                               00000006
RD7                               00000007
RE0                               00000000
RE1                               00000001
RE2                               00000002
READ_WRITE                        00000002
RP0                               00000005
RP1                               00000006
RSEN                              00000001
RX9                               00000006
RX9D                              00000000
R_NOT_W                           00000002
R_W                               00000002
MPASM 5.76                   LCD_16F877A.ASM   9-20-2018  0:16:56         PAGE 13


SYMBOL TABLE
  LABEL                             VALUE 

S                                 00000003
SEN                               00000000
SMP                               00000007
SPBRG                             00000099
SPEN                              00000007
SREN                              00000005
SSPADD                            00000093
SSPBUF                            00000013
SSPCON                            00000014
SSPCON2                           00000091
SSPEN                             00000005
SSPIE                             00000003
SSPIF                             00000003
SSPM0                             00000000
SSPM1                             00000001
SSPM2                             00000002
SSPM3                             00000003
SSPOV                             00000006
SSPSTAT                           00000094
STATUS                            00000003
SYNC                              00000004
T0CS                              00000005
T0IE                              00000005
T0IF                              00000002
T0SE                              00000004
T1CKPS0                           00000004
T1CKPS1                           00000005
T1CON                             00000010
T1INSYNC                          00000002
T1OSCEN                           00000003
T1SYNC                            00000002
T2CKPS0                           00000000
T2CKPS1                           00000001
T2CON                             00000012
TIMER1                            00000020
TIMER2                            00000021
TMR0                              00000001
TMR0IE                            00000005
TMR0IF                            00000002
TMR1                              0000000E
TMR1CS                            00000001
TMR1H                             0000000F
TMR1IE                            00000000
TMR1IF                            00000000
TMR1L                             0000000E
TMR1ON                            00000000
TMR2                              00000011
TMR2IE                            00000001
TMR2IF                            00000001
TMR2ON                            00000002
TOUTPS0                           00000003
TOUTPS1                           00000004
TOUTPS2                           00000005
MPASM 5.76                   LCD_16F877A.ASM   9-20-2018  0:16:56         PAGE 14


SYMBOL TABLE
  LABEL                             VALUE 

TOUTPS3                           00000006
TRISA                             00000085
TRISA0                            00000000
TRISA1                            00000001
TRISA2                            00000002
TRISA3                            00000003
TRISA4                            00000004
TRISA5                            00000005
TRISB                             00000086
TRISB0                            00000000
TRISB1                            00000001
TRISB2                            00000002
TRISB3                            00000003
TRISB4                            00000004
TRISB5                            00000005
TRISB6                            00000006
TRISB7                            00000007
TRISC                             00000087
TRISC0                            00000000
TRISC1                            00000001
TRISC2                            00000002
TRISC3                            00000003
TRISC4                            00000004
TRISC5                            00000005
TRISC6                            00000006
TRISC7                            00000007
TRISD                             00000088
TRISD0                            00000000
TRISD1                            00000001
TRISD2                            00000002
TRISD3                            00000003
TRISD4                            00000004
TRISD5                            00000005
TRISD6                            00000006
TRISD7                            00000007
TRISE                             00000089
TRISE0                            00000000
TRISE1                            00000001
TRISE2                            00000002
TRMT                              00000001
TX8_9                             00000006
TX9                               00000006
TX9D                              00000000
TXD8                              00000000
TXEN                              00000005
TXIE                              00000004
TXIF                              00000004
TXREG                             00000019
TXSTA                             00000098
UA                                00000001
W                                 00000000
WAIT                              0000008E
WCOL                              00000007
MPASM 5.76                   LCD_16F877A.ASM   9-20-2018  0:16:56         PAGE 15


SYMBOL TABLE
  LABEL                             VALUE 

WR                                00000001
WREN                              00000002
WRERR                             00000003
Z                                 00000002
_BODEN_OFF                        00003FBF
_BODEN_ON                         00003FFF
_BOREN_OFF                        00003FBF
_BOREN_ON                         00003FFF
_CONFIG                           00002007
_CPD_OFF                          00003FFF
_CPD_ON                           00003EFF
_CP_ALL                           00001FFF
_CP_OFF                           00003FFF
_CP_ON                            00001FFF
_DEBUG_OFF                        00003FFF
_DEBUG_ON                         000037FF
_DEVID1                           00002006
_FOSC_EXTRC                       00003FFF
_FOSC_HS                          00003FFE
_FOSC_LP                          00003FFC
_FOSC_XT                          00003FFD
_HS_OSC                           00003FFE
_IDLOC0                           00002000
_IDLOC1                           00002001
_IDLOC2                           00002002
_IDLOC3                           00002003
_LP_OSC                           00003FFC
_LVP_OFF                          00003F7F
_LVP_ON                           00003FFF
_PWRTE_OFF                        00003FFF
_PWRTE_ON                         00003FF7
_RC_OSC                           00003FFF
_WDTE_OFF                         00003FFB
_WDTE_ON                          00003FFF
_WDT_OFF                          00003FFB
_WDT_ON                           00003FFF
_WRT_1FOURTH                      00003BFF
_WRT_256                          00003DFF
_WRT_HALF                         000039FF
_WRT_OFF                          00003FFF
_XT_OSC                           00003FFD
__16F877A                         00000001
dataSendMode                      00000011
displayClear                      0000001E
instructionMode                   0000000D
setDisplayOnOff                   00000019
setEntryModule                    00000024
setFunctions                      00000013
set_CGRAM_address                 00000029
set_DDRAM_address_to_line1        0000002E
set_DDRAM_address_to_line2        00000034
writeOnDisp                       0000005C

MPASM 5.76                   LCD_16F877A.ASM   9-20-2018  0:16:56         PAGE 16





Errors   :     0
Warnings :    28 reported,     0 suppressed
Messages :     3 reported,     0 suppressed

